<?xml version="1.0" encoding="UTF-8"?>
<!-- Generated by org.testng.reporters.JUnitReportReporter -->
<testsuite hostname="LAPTOP-RH55RME4" failures="0" tests="1" name="com.qa.orangehrm.TestCases.TestLogin" time="5.497" errors="0" timestamp="2023-11-17T22:29:37 IST" skipped="0">
  <testcase classname="com.qa.orangehrm.TestCases.TestLogin" name="OrangeHrm" time="5.497"/>
</testsuite> <!-- com.qa.orangehrm.TestCases.TestLogin -->
