<?xml version="1.0" encoding="UTF-8"?>
<!-- Generated by org.testng.reporters.JUnitReportReporter -->
<testsuite hostname="LAPTOP-RH55RME4" failures="0" tests="1" name="com.qa.orangehrm.TestCases.fullextentdemo" time="6.874" errors="0" timestamp="2023-11-17T22:04:22 IST" skipped="0">
  <testcase classname="com.qa.orangehrm.TestCases.fullextentdemo" name="system" time="6.874"/>
</testsuite> <!-- com.qa.orangehrm.TestCases.fullextentdemo -->
