<?xml version="1.0" encoding="UTF-8"?>
<!-- Generated by org.testng.reporters.JUnitReportReporter -->
<testsuite hostname="LAPTOP-RH55RME4" failures="0" tests="3" name="com.qa.OpenCart.base.demo" time="0.026" errors="0" timestamp="2023-11-21T10:57:15 IST" skipped="0">
  <testcase classname="com.qa.OpenCart.base.demo" name="log2" time="0.010"/>
  <testcase classname="com.qa.OpenCart.base.demo" name="log1" time="0.012"/>
  <testcase classname="com.qa.OpenCart.base.demo" name="log3" time="0.004"/>
</testsuite> <!-- com.qa.OpenCart.base.demo -->
