<?xml version="1.0" encoding="UTF-8"?>
<!-- Generated by org.testng.reporters.JUnitReportReporter -->
<testsuite hostname="LAPTOP-RH55RME4" failures="0" tests="1" name="com.qa.OpenCart.PageObject.UserRegister" time="5.029" errors="0" timestamp="2023-11-20T14:58:54 IST" skipped="0">
  <testcase classname="com.qa.OpenCart.PageObject.UserRegister" name="register" time="5.029"/>
</testsuite> <!-- com.qa.OpenCart.PageObject.UserRegister -->
