<?xml version="1.0" encoding="UTF-8"?>
<!-- Generated by org.testng.reporters.JUnitReportReporter -->
<testsuite hostname="LAPTOP-RH55RME4" failures="0" tests="6" name="com.qa.OpenCart.utilities.ReadCustomerDetails" time="0.022" errors="0" timestamp="2023-11-20T18:23:00 IST" skipped="0">
  <testcase classname="com.qa.OpenCart.utilities.ReadCustomerDetails" name="log" time="0.002"/>
  <testcase classname="com.qa.OpenCart.utilities.ReadCustomerDetails" name="log" time="0.009"/>
  <testcase classname="com.qa.OpenCart.utilities.ReadCustomerDetails" name="log" time="0.003"/>
  <testcase classname="com.qa.OpenCart.utilities.ReadCustomerDetails" name="log" time="0.005"/>
  <testcase classname="com.qa.OpenCart.utilities.ReadCustomerDetails" name="log" time="0.001"/>
  <testcase classname="com.qa.OpenCart.utilities.ReadCustomerDetails" name="log" time="0.002"/>
</testsuite> <!-- com.qa.OpenCart.utilities.ReadCustomerDetails -->
